{"/home/francis/Desktop/Workspace/newnewnew/src/app/rest/index.ts": {"path":"/home/francis/Desktop/Workspace/newnewnew/src/app/rest/index.ts","statementMap":{"0":{"start":{"line":1,"column":0},"end":{"line":1,"column":29}}},"fnMap":{},"branchMap":{},"s":{"0":1},"f":{},"b":{}}
,"/home/francis/Desktop/Workspace/newnewnew/src/app/rest/initialize.ts": {"path":"/home/francis/Desktop/Workspace/newnewnew/src/app/rest/initialize.ts","statementMap":{"0":{"start":{"line":1,"column":0},"end":{"line":1,"column":30}},"1":{"start":{"line":3,"column":0},"end":{"line":3,"column":72}},"2":{"start":{"line":4,"column":0},"end":{"line":4,"column":74}},"3":{"start":{"line":7,"column":4},"end":{"line":10,"column":6}},"4":{"start":{"line":6,"column":0},"end":{"line":6,"column":16}}},"fnMap":{"0":{"name":"initializeRestHandlers","decl":{"start":{"line":6,"column":16},"end":{"line":6,"column":38}},"loc":{"start":{"line":6,"column":51},"end":{"line":11,"column":1}}}},"branchMap":{},"s":{"0":1,"1":1,"2":1,"3":2,"4":1},"f":{"0":2},"b":{}}
,"/home/francis/Desktop/Workspace/newnewnew/src/app/rest/utils.ts": {"path":"/home/francis/Desktop/Workspace/newnewnew/src/app/rest/utils.ts","statementMap":{"0":{"start":{"line":1,"column":0},"end":{"line":1,"column":null}},"1":{"start":{"line":6,"column":0},"end":{"line":6,"column":80}},"2":{"start":{"line":9,"column":16},"end":{"line":9,"column":60}},"3":{"start":{"line":10,"column":4},"end":{"line":17,"column":5}},"4":{"start":{"line":14,"column":8},"end":{"line":14,"column":65}},"5":{"start":{"line":15,"column":11},"end":{"line":17,"column":5}},"6":{"start":{"line":16,"column":8},"end":{"line":16,"column":60}},"7":{"start":{"line":19,"column":4},"end":{"line":19,"column":17}},"8":{"start":{"line":8,"column":0},"end":{"line":8,"column":16}}},"fnMap":{"0":{"name":"handleErrors","decl":{"start":{"line":8,"column":16},"end":{"line":8,"column":28}},"loc":{"start":{"line":8,"column":39},"end":{"line":20,"column":1}}}},"branchMap":{"0":{"loc":{"start":{"line":10,"column":4},"end":{"line":17,"column":5}},"type":"if","locations":[{"start":{"line":10,"column":4},"end":{"line":17,"column":5}},{"start":{"line":15,"column":11},"end":{"line":17,"column":5}}]},"1":{"loc":{"start":{"line":11,"column":8},"end":{"line":12,"column":51}},"type":"binary-expr","locations":[{"start":{"line":11,"column":8},"end":{"line":11,"column":44}},{"start":{"line":12,"column":8},"end":{"line":12,"column":51}}]},"2":{"loc":{"start":{"line":15,"column":11},"end":{"line":17,"column":5}},"type":"if","locations":[{"start":{"line":15,"column":11},"end":{"line":17,"column":5}}]}},"s":{"0":1,"1":1,"2":0,"3":0,"4":0,"5":0,"6":0,"7":0,"8":1},"f":{"0":0},"b":{"0":[0,0],"1":[0,0],"2":[0]}}
,"/home/francis/Desktop/Workspace/newnewnew/src/app/rest/exceptions/http-bad-error.ts": {"path":"/home/francis/Desktop/Workspace/newnewnew/src/app/rest/exceptions/http-bad-error.ts","statementMap":{"0":{"start":{"line":1,"column":0},"end":{"line":1,"column":57}},"1":{"start":{"line":5,"column":8},"end":{"line":5,"column":50}},"2":{"start":{"line":3,"column":0},"end":{"line":3,"column":13}},"3":{"start":{"line":8,"column":27},"end":{"line":17,"column":6}}},"fnMap":{"0":{"name":"(anonymous_0)","decl":{"start":{"line":4,"column":4},"end":{"line":4,"column":16}},"loc":{"start":{"line":4,"column":46},"end":{"line":6,"column":5}}}},"branchMap":{},"s":{"0":1,"1":0,"2":1,"3":1},"f":{"0":0},"b":{}}
,"/home/francis/Desktop/Workspace/newnewnew/src/app/rest/exceptions/http-not-found-error.ts": {"path":"/home/francis/Desktop/Workspace/newnewnew/src/app/rest/exceptions/http-not-found-error.ts","statementMap":{"0":{"start":{"line":1,"column":0},"end":{"line":1,"column":57}},"1":{"start":{"line":5,"column":8},"end":{"line":5,"column":55}},"2":{"start":{"line":3,"column":0},"end":{"line":3,"column":13}},"3":{"start":{"line":8,"column":27},"end":{"line":17,"column":6}}},"fnMap":{"0":{"name":"(anonymous_0)","decl":{"start":{"line":4,"column":4},"end":{"line":4,"column":16}},"loc":{"start":{"line":4,"column":46},"end":{"line":6,"column":5}}}},"branchMap":{},"s":{"0":1,"1":0,"2":1,"3":1},"f":{"0":0},"b":{}}
,"/home/francis/Desktop/Workspace/newnewnew/src/app/rest/exceptions/http-permission-denied-error.ts": {"path":"/home/francis/Desktop/Workspace/newnewnew/src/app/rest/exceptions/http-permission-denied-error.ts","statementMap":{"0":{"start":{"line":1,"column":0},"end":{"line":1,"column":57}},"1":{"start":{"line":5,"column":8},"end":{"line":5,"column":63}},"2":{"start":{"line":3,"column":0},"end":{"line":3,"column":13}},"3":{"start":{"line":8,"column":27},"end":{"line":17,"column":6}}},"fnMap":{"0":{"name":"(anonymous_0)","decl":{"start":{"line":4,"column":4},"end":{"line":4,"column":16}},"loc":{"start":{"line":4,"column":46},"end":{"line":6,"column":5}}}},"branchMap":{},"s":{"0":1,"1":0,"2":1,"3":1},"f":{"0":0},"b":{}}
,"/home/francis/Desktop/Workspace/newnewnew/src/app/rest/exceptions/http-server-error.ts": {"path":"/home/francis/Desktop/Workspace/newnewnew/src/app/rest/exceptions/http-server-error.ts","statementMap":{"0":{"start":{"line":1,"column":0},"end":{"line":1,"column":57}},"1":{"start":{"line":5,"column":8},"end":{"line":5,"column":53}},"2":{"start":{"line":3,"column":0},"end":{"line":3,"column":13}},"3":{"start":{"line":8,"column":27},"end":{"line":17,"column":6}}},"fnMap":{"0":{"name":"(anonymous_0)","decl":{"start":{"line":4,"column":4},"end":{"line":4,"column":16}},"loc":{"start":{"line":4,"column":46},"end":{"line":6,"column":5}}}},"branchMap":{},"s":{"0":1,"1":0,"2":1,"3":1},"f":{"0":0},"b":{}}
,"/home/francis/Desktop/Workspace/newnewnew/src/app/rest/exceptions/http-unauthorized-error.ts": {"path":"/home/francis/Desktop/Workspace/newnewnew/src/app/rest/exceptions/http-unauthorized-error.ts","statementMap":{"0":{"start":{"line":1,"column":0},"end":{"line":1,"column":57}},"1":{"start":{"line":5,"column":8},"end":{"line":5,"column":59}},"2":{"start":{"line":3,"column":0},"end":{"line":3,"column":13}},"3":{"start":{"line":8,"column":27},"end":{"line":17,"column":6}}},"fnMap":{"0":{"name":"(anonymous_0)","decl":{"start":{"line":4,"column":4},"end":{"line":4,"column":16}},"loc":{"start":{"line":4,"column":46},"end":{"line":6,"column":5}}}},"branchMap":{},"s":{"0":1,"1":0,"2":1,"3":1},"f":{"0":0},"b":{}}
,"/home/francis/Desktop/Workspace/newnewnew/src/app/rest/exceptions/index.ts": {"path":"/home/francis/Desktop/Workspace/newnewnew/src/app/rest/exceptions/index.ts","statementMap":{"0":{"start":{"line":1,"column":0},"end":{"line":1,"column":33}},"1":{"start":{"line":2,"column":0},"end":{"line":2,"column":39}},"2":{"start":{"line":3,"column":0},"end":{"line":3,"column":47}},"3":{"start":{"line":4,"column":0},"end":{"line":4,"column":36}},"4":{"start":{"line":5,"column":0},"end":{"line":5,"column":42}}},"fnMap":{},"branchMap":{},"s":{"0":1,"1":1,"2":1,"3":1,"4":1},"f":{},"b":{}}
,"/home/francis/Desktop/Workspace/newnewnew/src/app/rest/user-handlers/create-user.handler.ts": {"path":"/home/francis/Desktop/Workspace/newnewnew/src/app/rest/user-handlers/create-user.handler.ts","statementMap":{"0":{"start":{"line":9,"column":0},"end":{"line":9,"column":40}},"1":{"start":{"line":10,"column":0},"end":{"line":10,"column":58}},"2":{"start":{"line":11,"column":0},"end":{"line":11,"column":62}},"3":{"start":{"line":16,"column":4},"end":{"line":26,"column":6}},"4":{"start":{"line":17,"column":8},"end":{"line":25,"column":9}},"5":{"start":{"line":18,"column":25},"end":{"line":18,"column":67}},"6":{"start":{"line":19,"column":12},"end":{"line":19,"column":47}},"7":{"start":{"line":20,"column":12},"end":{"line":20,"column":39}},"8":{"start":{"line":22,"column":12},"end":{"line":22,"column":33}},"9":{"start":{"line":23,"column":30},"end":{"line":23,"column":58}},"10":{"start":{"line":24,"column":12},"end":{"line":24,"column":28}},"11":{"start":{"line":37,"column":4},"end":{"line":67,"column":6}},"12":{"start":{"line":29,"column":0},"end":{"line":29,"column":24}}},"fnMap":{"0":{"name":"createUserHandler","decl":{"start":{"line":13,"column":9},"end":{"line":13,"column":26}},"loc":{"start":{"line":14,"column":37},"end":{"line":27,"column":1}}},"1":{"name":"(anonymous_1)","decl":{"start":{"line":16,"column":11},"end":{"line":16,"column":16}},"loc":{"start":{"line":16,"column":30},"end":{"line":26,"column":5}}},"2":{"name":"HandlerRouteOption","decl":{"start":{"line":29,"column":24},"end":{"line":29,"column":42}},"loc":{"start":{"line":30,"column":37},"end":{"line":68,"column":1}}}},"branchMap":{},"s":{"0":1,"1":1,"2":1,"3":2,"4":0,"5":0,"6":0,"7":0,"8":0,"9":0,"10":0,"11":2,"12":1},"f":{"0":2,"1":0,"2":2},"b":{}}
,"/home/francis/Desktop/Workspace/newnewnew/src/app/rest/user-handlers/find-by-id.handler.ts": {"path":"/home/francis/Desktop/Workspace/newnewnew/src/app/rest/user-handlers/find-by-id.handler.ts","statementMap":{"0":{"start":{"line":9,"column":0},"end":{"line":9,"column":67}},"1":{"start":{"line":10,"column":0},"end":{"line":10,"column":58}},"2":{"start":{"line":11,"column":0},"end":{"line":11,"column":40}},"3":{"start":{"line":23,"column":4},"end":{"line":35,"column":6}},"4":{"start":{"line":24,"column":8},"end":{"line":34,"column":9}},"5":{"start":{"line":25,"column":25},"end":{"line":26,"column":null}},"6":{"start":{"line":28,"column":12},"end":{"line":28,"column":66}},"7":{"start":{"line":29,"column":12},"end":{"line":29,"column":39}},"8":{"start":{"line":31,"column":12},"end":{"line":31,"column":33}},"9":{"start":{"line":32,"column":30},"end":{"line":32,"column":58}},"10":{"start":{"line":33,"column":12},"end":{"line":33,"column":28}},"11":{"start":{"line":47,"column":4},"end":{"line":66,"column":6}},"12":{"start":{"line":39,"column":0},"end":{"line":39,"column":24}}},"fnMap":{"0":{"name":"fetchUserByIdHandler","decl":{"start":{"line":20,"column":9},"end":{"line":20,"column":29}},"loc":{"start":{"line":21,"column":37},"end":{"line":36,"column":1}}},"1":{"name":"(anonymous_1)","decl":{"start":{"line":23,"column":11},"end":{"line":23,"column":16}},"loc":{"start":{"line":23,"column":30},"end":{"line":35,"column":5}}},"2":{"name":"HandlerRouteOption","decl":{"start":{"line":39,"column":24},"end":{"line":39,"column":42}},"loc":{"start":{"line":40,"column":37},"end":{"line":67,"column":1}}}},"branchMap":{},"s":{"0":1,"1":1,"2":1,"3":2,"4":0,"5":0,"6":0,"7":0,"8":0,"9":0,"10":0,"11":2,"12":1},"f":{"0":2,"1":0,"2":2},"b":{}}
,"/home/francis/Desktop/Workspace/newnewnew/src/config/index.ts": {"path":"/home/francis/Desktop/Workspace/newnewnew/src/config/index.ts","statementMap":{"0":{"start":{"line":1,"column":15},"end":{"line":4,"column":2}},"1":{"start":{"line":6,"column":0},"end":{"line":6,"column":13}},"2":{"start":{"line":7,"column":27},"end":{"line":7,"column":67}},"3":{"start":{"line":8,"column":27},"end":{"line":8,"column":77}},"4":{"start":{"line":11,"column":0},"end":{"line":11,"column":22}}},"fnMap":{},"branchMap":{"0":{"loc":{"start":{"line":2,"column":13},"end":{"line":2,"column":45}},"type":"binary-expr","locations":[{"start":{"line":2,"column":13},"end":{"line":2,"column":33}},{"start":{"line":2,"column":37},"end":{"line":2,"column":45}}]},"1":{"loc":{"start":{"line":3,"column":10},"end":{"line":3,"column":46}},"type":"binary-expr","locations":[{"start":{"line":3,"column":10},"end":{"line":3,"column":38}},{"start":{"line":3,"column":42},"end":{"line":3,"column":46}}]}},"s":{"0":1,"1":1,"2":1,"3":1,"4":1},"f":{},"b":{"0":[1,1],"1":[1,0]}}
,"/home/francis/Desktop/Workspace/newnewnew/src/data/index.ts": {"path":"/home/francis/Desktop/Workspace/newnewnew/src/data/index.ts","statementMap":{"0":{"start":{"line":4,"column":0},"end":{"line":4,"column":60}},"1":{"start":{"line":23,"column":35},"end":{"line":30,"column":1}},"2":{"start":{"line":27,"column":4},"end":{"line":29,"column":6}},"3":{"start":{"line":23,"column":13},"end":{"line":23,"column":35}}},"fnMap":{"0":{"name":"(anonymous_1)","decl":{"start":{"line":23,"column":35},"end":{"line":23,"column":null}},"loc":{"start":{"line":26,"column":15},"end":{"line":30,"column":1}}}},"branchMap":{},"s":{"0":1,"1":1,"2":2,"3":1},"f":{"0":2},"b":{}}
,"/home/francis/Desktop/Workspace/newnewnew/src/data/user-data-layer.ts": {"path":"/home/francis/Desktop/Workspace/newnewnew/src/data/user-data-layer.ts","statementMap":{"0":{"start":{"line":4,"column":0},"end":{"line":4,"column":79}},"1":{"start":{"line":5,"column":0},"end":{"line":5,"column":61}},"2":{"start":{"line":6,"column":0},"end":{"line":6,"column":null}},"3":{"start":{"line":18,"column":25},"end":{"line":18,"column":51}},"4":{"start":{"line":19,"column":25},"end":{"line":19,"column":39}},"5":{"start":{"line":23,"column":8},"end":{"line":44,"column":9}},"6":{"start":{"line":24,"column":25},"end":{"line":26,"column":14}},"7":{"start":{"line":27,"column":12},"end":{"line":31,"column":13}},"8":{"start":{"line":28,"column":16},"end":{"line":30,"column":18}},"9":{"start":{"line":33,"column":12},"end":{"line":33,"column":24}},"10":{"start":{"line":35,"column":12},"end":{"line":38,"column":14}},"11":{"start":{"line":39,"column":12},"end":{"line":42,"column":13}},"12":{"start":{"line":40,"column":28},"end":{"line":40,"column":70}},"13":{"start":{"line":41,"column":16},"end":{"line":41,"column":26}},"14":{"start":{"line":43,"column":12},"end":{"line":43,"column":40}},"15":{"start":{"line":52,"column":8},"end":{"line":64,"column":9}},"16":{"start":{"line":53,"column":25},"end":{"line":55,"column":14}},"17":{"start":{"line":56,"column":12},"end":{"line":56,"column":24}},"18":{"start":{"line":58,"column":12},"end":{"line":58,"column":76}},"19":{"start":{"line":59,"column":12},"end":{"line":62,"column":13}},"20":{"start":{"line":60,"column":28},"end":{"line":60,"column":70}},"21":{"start":{"line":61,"column":16},"end":{"line":61,"column":26}},"22":{"start":{"line":63,"column":12},"end":{"line":63,"column":40}},"23":{"start":{"line":16,"column":0},"end":{"line":16,"column":21}}},"fnMap":{"0":{"name":"(anonymous_0)","decl":{"start":{"line":17,"column":4},"end":{"line":17,"column":null}},"loc":{"start":{"line":19,"column":39},"end":{"line":20,"column":8}}},"1":{"name":"(anonymous_1)","decl":{"start":{"line":22,"column":11},"end":{"line":22,"column":16}},"loc":{"start":{"line":22,"column":39},"end":{"line":45,"column":5}}},"2":{"name":"(anonymous_2)","decl":{"start":{"line":47,"column":11},"end":{"line":47,"column":16}},"loc":{"start":{"line":50,"column":24},"end":{"line":65,"column":5}}}},"branchMap":{"0":{"loc":{"start":{"line":27,"column":12},"end":{"line":31,"column":13}},"type":"if","locations":[{"start":{"line":27,"column":12},"end":{"line":31,"column":13}}]},"1":{"loc":{"start":{"line":39,"column":12},"end":{"line":42,"column":13}},"type":"if","locations":[{"start":{"line":39,"column":12},"end":{"line":42,"column":13}}]},"2":{"loc":{"start":{"line":59,"column":12},"end":{"line":62,"column":13}},"type":"if","locations":[{"start":{"line":59,"column":12},"end":{"line":62,"column":13}}]}},"s":{"0":1,"1":1,"2":1,"3":2,"4":2,"5":0,"6":0,"7":0,"8":0,"9":0,"10":0,"11":0,"12":0,"13":0,"14":0,"15":0,"16":0,"17":0,"18":0,"19":0,"20":0,"21":0,"22":0,"23":1},"f":{"0":2,"1":0,"2":0},"b":{"0":[0],"1":[0],"2":[0]}}
,"/home/francis/Desktop/Workspace/newnewnew/src/data/errors/database-base-error.ts": {"path":"/home/francis/Desktop/Workspace/newnewnew/src/data/errors/database-base-error.ts","statementMap":{"0":{"start":{"line":1,"column":0},"end":{"line":1,"column":49}},"1":{"start":{"line":20,"column":8},"end":{"line":20,"column":43}},"2":{"start":{"line":18,"column":0},"end":{"line":18,"column":22}},"3":{"start":{"line":24,"column":0},"end":{"line":24,"column":29}}},"fnMap":{"0":{"name":"(anonymous_1)","decl":{"start":{"line":19,"column":4},"end":{"line":19,"column":16}},"loc":{"start":{"line":19,"column":45},"end":{"line":21,"column":5}}}},"branchMap":{},"s":{"0":1,"1":0,"2":1,"3":1},"f":{"0":0},"b":{}}
,"/home/francis/Desktop/Workspace/newnewnew/src/data/errors/index.ts": {"path":"/home/francis/Desktop/Workspace/newnewnew/src/data/errors/index.ts","statementMap":{"0":{"start":{"line":1,"column":0},"end":{"line":1,"column":24}},"1":{"start":{"line":2,"column":0},"end":{"line":2,"column":38}},"2":{"start":{"line":3,"column":0},"end":{"line":3,"column":35}},"3":{"start":{"line":4,"column":0},"end":{"line":4,"column":36}},"4":{"start":{"line":5,"column":0},"end":{"line":5,"column":39}},"5":{"start":{"line":6,"column":0},"end":{"line":6,"column":38}}},"fnMap":{},"branchMap":{},"s":{"0":1,"1":1,"2":1,"3":1,"4":1,"5":1},"f":{},"b":{}}
,"/home/francis/Desktop/Workspace/newnewnew/src/data/errors/internal-db-error.ts": {"path":"/home/francis/Desktop/Workspace/newnewnew/src/data/errors/internal-db-error.ts","statementMap":{"0":{"start":{"line":1,"column":0},"end":{"line":1,"column":50}},"1":{"start":{"line":13,"column":8},"end":{"line":13,"column":42}},"2":{"start":{"line":11,"column":0},"end":{"line":11,"column":13}}},"fnMap":{"0":{"name":"(anonymous_1)","decl":{"start":{"line":12,"column":4},"end":{"line":12,"column":16}},"loc":{"start":{"line":12,"column":59},"end":{"line":14,"column":5}}}},"branchMap":{"0":{"loc":{"start":{"line":12,"column":16},"end":{"line":12,"column":59}},"type":"default-arg","locations":[{"start":{"line":12,"column":34},"end":{"line":12,"column":59}}]}},"s":{"0":1,"1":0,"2":1},"f":{"0":0},"b":{"0":[0]}}
,"/home/francis/Desktop/Workspace/newnewnew/src/data/errors/invalid-input-error.ts": {"path":"/home/francis/Desktop/Workspace/newnewnew/src/data/errors/invalid-input-error.ts","statementMap":{"0":{"start":{"line":1,"column":0},"end":{"line":1,"column":50}},"1":{"start":{"line":13,"column":8},"end":{"line":13,"column":44}},"2":{"start":{"line":11,"column":0},"end":{"line":11,"column":13}}},"fnMap":{"0":{"name":"(anonymous_1)","decl":{"start":{"line":12,"column":4},"end":{"line":12,"column":16}},"loc":{"start":{"line":12,"column":49},"end":{"line":14,"column":5}}}},"branchMap":{"0":{"loc":{"start":{"line":12,"column":16},"end":{"line":12,"column":49}},"type":"default-arg","locations":[{"start":{"line":12,"column":34},"end":{"line":12,"column":49}}]}},"s":{"0":1,"1":0,"2":1},"f":{"0":0},"b":{"0":[0]}}
,"/home/francis/Desktop/Workspace/newnewnew/src/data/errors/must-be-unique-error.ts": {"path":"/home/francis/Desktop/Workspace/newnewnew/src/data/errors/must-be-unique-error.ts","statementMap":{"0":{"start":{"line":1,"column":0},"end":{"line":1,"column":50}},"1":{"start":{"line":13,"column":8},"end":{"line":13,"column":49}},"2":{"start":{"line":11,"column":0},"end":{"line":11,"column":13}}},"fnMap":{"0":{"name":"(anonymous_1)","decl":{"start":{"line":12,"column":4},"end":{"line":12,"column":16}},"loc":{"start":{"line":12,"column":56},"end":{"line":14,"column":5}}}},"branchMap":{"0":{"loc":{"start":{"line":12,"column":16},"end":{"line":12,"column":56}},"type":"default-arg","locations":[{"start":{"line":12,"column":34},"end":{"line":12,"column":56}}]}},"s":{"0":1,"1":0,"2":1},"f":{"0":0},"b":{"0":[0]}}
,"/home/francis/Desktop/Workspace/newnewnew/src/data/errors/record-not-found.ts": {"path":"/home/francis/Desktop/Workspace/newnewnew/src/data/errors/record-not-found.ts","statementMap":{"0":{"start":{"line":1,"column":0},"end":{"line":1,"column":50}},"1":{"start":{"line":13,"column":8},"end":{"line":13,"column":46}},"2":{"start":{"line":11,"column":0},"end":{"line":11,"column":13}}},"fnMap":{"0":{"name":"(anonymous_1)","decl":{"start":{"line":12,"column":4},"end":{"line":12,"column":16}},"loc":{"start":{"line":12,"column":52},"end":{"line":14,"column":5}}}},"branchMap":{"0":{"loc":{"start":{"line":12,"column":16},"end":{"line":12,"column":52}},"type":"default-arg","locations":[{"start":{"line":12,"column":34},"end":{"line":12,"column":52}}]}},"s":{"0":1,"1":0,"2":1},"f":{"0":0},"b":{"0":[0]}}
,"/home/francis/Desktop/Workspace/newnewnew/src/data/errors/utils.ts": {"path":"/home/francis/Desktop/Workspace/newnewnew/src/data/errors/utils.ts","statementMap":{"0":{"start":{"line":3,"column":0},"end":{"line":3,"column":57}},"1":{"start":{"line":4,"column":0},"end":{"line":4,"column":54}},"2":{"start":{"line":5,"column":0},"end":{"line":5,"column":64}},"3":{"start":{"line":6,"column":0},"end":{"line":6,"column":58}},"4":{"start":{"line":9,"column":17},"end":{"line":9,"column":19}},"5":{"start":{"line":10,"column":4},"end":{"line":12,"column":5}},"6":{"start":{"line":11,"column":8},"end":{"line":11,"column":57}},"7":{"start":{"line":13,"column":4},"end":{"line":13,"column":18}},"8":{"start":{"line":31,"column":4},"end":{"line":51,"column":5}},"9":{"start":{"line":32,"column":8},"end":{"line":32,"column":58}},"10":{"start":{"line":33,"column":11},"end":{"line":51,"column":5}},"11":{"start":{"line":34,"column":23},"end":{"line":34,"column":51}},"12":{"start":{"line":35,"column":8},"end":{"line":35,"column":78}},"13":{"start":{"line":36,"column":11},"end":{"line":51,"column":5}},"14":{"start":{"line":42,"column":23},"end":{"line":42,"column":51}},"15":{"start":{"line":43,"column":8},"end":{"line":43,"column":75}},"16":{"start":{"line":44,"column":11},"end":{"line":51,"column":5}},"17":{"start":{"line":45,"column":23},"end":{"line":45,"column":51}},"18":{"start":{"line":46,"column":8},"end":{"line":46,"column":70}},"19":{"start":{"line":48,"column":8},"end":{"line":50,"column":10}},"20":{"start":{"line":53,"column":4},"end":{"line":53,"column":15}},"21":{"start":{"line":27,"column":0},"end":{"line":27,"column":16}}},"fnMap":{"0":{"name":"getFieldFromMeta","decl":{"start":{"line":8,"column":9},"end":{"line":8,"column":25}},"loc":{"start":{"line":8,"column":69},"end":{"line":14,"column":1}}},"1":{"name":"handlePrismaClientKnownRequestError","decl":{"start":{"line":27,"column":16},"end":{"line":27,"column":51}},"loc":{"start":{"line":28,"column":40},"end":{"line":54,"column":1}}}},"branchMap":{"0":{"loc":{"start":{"line":10,"column":4},"end":{"line":12,"column":5}},"type":"if","locations":[{"start":{"line":10,"column":4},"end":{"line":12,"column":5}}]},"1":{"loc":{"start":{"line":10,"column":8},"end":{"line":10,"column":30}},"type":"binary-expr","locations":[{"start":{"line":10,"column":8},"end":{"line":10,"column":12}},{"start":{"line":10,"column":16},"end":{"line":10,"column":30}}]},"2":{"loc":{"start":{"line":31,"column":4},"end":{"line":51,"column":5}},"type":"if","locations":[{"start":{"line":31,"column":4},"end":{"line":51,"column":5}},{"start":{"line":33,"column":11},"end":{"line":51,"column":5}}]},"3":{"loc":{"start":{"line":31,"column":8},"end":{"line":31,"column":56}},"type":"binary-expr","locations":[{"start":{"line":31,"column":8},"end":{"line":31,"column":30}},{"start":{"line":31,"column":34},"end":{"line":31,"column":56}}]},"4":{"loc":{"start":{"line":33,"column":11},"end":{"line":51,"column":5}},"type":"if","locations":[{"start":{"line":33,"column":11},"end":{"line":51,"column":5}},{"start":{"line":36,"column":11},"end":{"line":51,"column":5}}]},"5":{"loc":{"start":{"line":36,"column":11},"end":{"line":51,"column":5}},"type":"if","locations":[{"start":{"line":36,"column":11},"end":{"line":51,"column":5}},{"start":{"line":44,"column":11},"end":{"line":51,"column":5}}]},"6":{"loc":{"start":{"line":37,"column":8},"end":{"line":40,"column":30}},"type":"binary-expr","locations":[{"start":{"line":37,"column":8},"end":{"line":37,"column":30}},{"start":{"line":38,"column":8},"end":{"line":38,"column":30}},{"start":{"line":39,"column":8},"end":{"line":39,"column":30}},{"start":{"line":40,"column":8},"end":{"line":40,"column":30}}]},"7":{"loc":{"start":{"line":44,"column":11},"end":{"line":51,"column":5}},"type":"if","locations":[{"start":{"line":44,"column":11},"end":{"line":51,"column":5}},{"start":{"line":47,"column":11},"end":{"line":51,"column":5}}]}},"s":{"0":1,"1":1,"2":1,"3":1,"4":0,"5":0,"6":0,"7":0,"8":0,"9":0,"10":0,"11":0,"12":0,"13":0,"14":0,"15":0,"16":0,"17":0,"18":0,"19":0,"20":0,"21":1},"f":{"0":0,"1":0},"b":{"0":[0],"1":[0,0],"2":[0,0],"3":[0,0],"4":[0,0],"5":[0,0],"6":[0,0,0,0],"7":[0,0]}}
,"/home/francis/Desktop/Workspace/newnewnew/src/internal/database.ts": {"path":"/home/francis/Desktop/Workspace/newnewnew/src/internal/database.ts","statementMap":{"0":{"start":{"line":1,"column":0},"end":{"line":1,"column":46}},"1":{"start":{"line":13,"column":8},"end":{"line":15,"column":11}},"2":{"start":{"line":19,"column":8},"end":{"line":19,"column":37}},"3":{"start":{"line":23,"column":8},"end":{"line":23,"column":40}},"4":{"start":{"line":27,"column":8},"end":{"line":27,"column":27}},"5":{"start":{"line":31,"column":0},"end":{"line":31,"column":30}}},"fnMap":{"0":{"name":"(anonymous_0)","decl":{"start":{"line":12,"column":4},"end":{"line":12,"column":16}},"loc":{"start":{"line":12,"column":30},"end":{"line":16,"column":5}}},"1":{"name":"(anonymous_1)","decl":{"start":{"line":18,"column":11},"end":{"line":18,"column":16}},"loc":{"start":{"line":18,"column":24},"end":{"line":20,"column":5}}},"2":{"name":"(anonymous_2)","decl":{"start":{"line":22,"column":11},"end":{"line":22,"column":16}},"loc":{"start":{"line":22,"column":27},"end":{"line":24,"column":5}}},"3":{"name":"(anonymous_3)","decl":{"start":{"line":26,"column":4},"end":{"line":26,"column":15}},"loc":{"start":{"line":26,"column":24},"end":{"line":28,"column":5}}}},"branchMap":{},"s":{"0":1,"1":2,"2":2,"3":0,"4":2,"5":1},"f":{"0":2,"1":2,"2":0,"3":2},"b":{}}
,"/home/francis/Desktop/Workspace/newnewnew/src/internal/server.ts": {"path":"/home/francis/Desktop/Workspace/newnewnew/src/internal/server.ts","statementMap":{"0":{"start":{"line":1,"column":0},"end":{"line":1,"column":null}},"1":{"start":{"line":8,"column":0},"end":{"line":8,"column":31}},"2":{"start":{"line":9,"column":0},"end":{"line":9,"column":39}},"3":{"start":{"line":10,"column":0},"end":{"line":10,"column":33}},"4":{"start":{"line":11,"column":0},"end":{"line":11,"column":37}},"5":{"start":{"line":12,"column":0},"end":{"line":12,"column":44}},"6":{"start":{"line":14,"column":0},"end":{"line":14,"column":46}},"7":{"start":{"line":23,"column":8},"end":{"line":23,"column":46}},"8":{"start":{"line":24,"column":8},"end":{"line":24,"column":29}},"9":{"start":{"line":25,"column":8},"end":{"line":25,"column":31}},"10":{"start":{"line":26,"column":8},"end":{"line":26,"column":33}},"11":{"start":{"line":27,"column":8},"end":{"line":27,"column":25}},"12":{"start":{"line":16,"column":0},"end":{"line":16,"column":22}},"13":{"start":{"line":47,"column":8},"end":{"line":61,"column":11}},"14":{"start":{"line":63,"column":8},"end":{"line":76,"column":11}},"15":{"start":{"line":64,"column":12},"end":{"line":64,"column":33}},"16":{"start":{"line":66,"column":12},"end":{"line":75,"column":13}},"17":{"start":{"line":67,"column":16},"end":{"line":70,"column":19}},"18":{"start":{"line":72,"column":16},"end":{"line":74,"column":19}},"19":{"start":{"line":78,"column":8},"end":{"line":87,"column":11}},"20":{"start":{"line":89,"column":8},"end":{"line":89,"column":39}},"21":{"start":{"line":91,"column":8},"end":{"line":110,"column":11}},"22":{"start":{"line":112,"column":8},"end":{"line":114,"column":11}},"23":{"start":{"line":117,"column":8},"end":{"line":125,"column":9}},"24":{"start":{"line":118,"column":12},"end":{"line":124,"column":14}},"25":{"start":{"line":120,"column":20},"end":{"line":120,"column":42}},"26":{"start":{"line":121,"column":20},"end":{"line":121,"column":27}},"27":{"start":{"line":134,"column":8},"end":{"line":134,"column":32}},"28":{"start":{"line":135,"column":8},"end":{"line":135,"column":28}},"29":{"start":{"line":137,"column":24},"end":{"line":145,"column":10}},"30":{"start":{"line":138,"column":12},"end":{"line":144,"column":15}},"31":{"start":{"line":139,"column":16},"end":{"line":142,"column":17}},"32":{"start":{"line":140,"column":20},"end":{"line":140,"column":45}},"33":{"start":{"line":141,"column":20},"end":{"line":141,"column":32}},"34":{"start":{"line":143,"column":16},"end":{"line":143,"column":33}},"35":{"start":{"line":147,"column":8},"end":{"line":147,"column":61}},"36":{"start":{"line":155,"column":8},"end":{"line":155,"column":25}},"37":{"start":{"line":159,"column":0},"end":{"line":159,"column":29}}},"fnMap":{"0":{"name":"(anonymous_1)","decl":{"start":{"line":22,"column":4},"end":{"line":22,"column":16}},"loc":{"start":{"line":22,"column":76},"end":{"line":28,"column":5}}},"1":{"name":"(anonymous_2)","decl":{"start":{"line":46,"column":4},"end":{"line":46,"column":16}},"loc":{"start":{"line":46,"column":75},"end":{"line":126,"column":5}}},"2":{"name":"(anonymous_3)","decl":{"start":{"line":63,"column":33},"end":{"line":63,"column":34}},"loc":{"start":{"line":63,"column":53},"end":{"line":76,"column":9}}},"3":{"name":"(anonymous_4)","decl":{"start":{"line":119,"column":16},"end":{"line":119,"column":17}},"loc":{"start":{"line":119,"column":38},"end":{"line":122,"column":17}}},"4":{"name":"(anonymous_5)","decl":{"start":{"line":133,"column":11},"end":{"line":133,"column":16}},"loc":{"start":{"line":133,"column":35},"end":{"line":148,"column":5}}},"5":{"name":"(anonymous_6)","decl":{"start":{"line":137,"column":50},"end":{"line":137,"column":51}},"loc":{"start":{"line":137,"column":70},"end":{"line":145,"column":9}}},"6":{"name":"(anonymous_7)","decl":{"start":{"line":138,"column":56},"end":{"line":138,"column":57}},"loc":{"start":{"line":138,"column":73},"end":{"line":144,"column":13}}},"7":{"name":"(anonymous_8)","decl":{"start":{"line":154,"column":4},"end":{"line":154,"column":15}},"loc":{"start":{"line":154,"column":18},"end":{"line":156,"column":5}}}},"branchMap":{"0":{"loc":{"start":{"line":49,"column":16},"end":{"line":60,"column":null}},"type":"cond-expr","locations":[{"start":{"line":50,"column":22},"end":{"line":50,"column":28}},{"start":{"line":51,"column":22},"end":{"line":60,"column":null}}]},"1":{"loc":{"start":{"line":66,"column":12},"end":{"line":75,"column":13}},"type":"if","locations":[{"start":{"line":66,"column":12},"end":{"line":75,"column":13}},{"start":{"line":71,"column":19},"end":{"line":75,"column":13}}]},"2":{"loc":{"start":{"line":139,"column":16},"end":{"line":142,"column":17}},"type":"if","locations":[{"start":{"line":139,"column":16},"end":{"line":142,"column":17}}]}},"s":{"0":1,"1":1,"2":1,"3":1,"4":1,"5":1,"6":1,"7":0,"8":0,"9":0,"10":0,"11":0,"12":1,"13":2,"14":2,"15":0,"16":0,"17":0,"18":0,"19":2,"20":2,"21":2,"22":2,"23":2,"24":4,"25":0,"26":0,"27":0,"28":0,"29":0,"30":0,"31":0,"32":0,"33":0,"34":0,"35":0,"36":2,"37":1},"f":{"0":0,"1":2,"2":0,"3":0,"4":0,"5":0,"6":0,"7":2},"b":{"0":[0,2],"1":[0,0],"2":[0]}}
,"/home/francis/Desktop/Workspace/newnewnew/src/services/index.ts": {"path":"/home/francis/Desktop/Workspace/newnewnew/src/services/index.ts","statementMap":{"0":{"start":{"line":1,"column":0},"end":{"line":1,"column":30}},"1":{"start":{"line":2,"column":0},"end":{"line":2,"column":31}}},"fnMap":{},"branchMap":{},"s":{"0":1,"1":1},"f":{},"b":{}}
,"/home/francis/Desktop/Workspace/newnewnew/src/services/initializer.ts": {"path":"/home/francis/Desktop/Workspace/newnewnew/src/services/initializer.ts","statementMap":{"0":{"start":{"line":2,"column":0},"end":{"line":2,"column":30}},"1":{"start":{"line":3,"column":0},"end":{"line":3,"column":63}},"2":{"start":{"line":29,"column":4},"end":{"line":31,"column":6}},"3":{"start":{"line":25,"column":0},"end":{"line":25,"column":16}}},"fnMap":{"0":{"name":"initializeServices","decl":{"start":{"line":25,"column":16},"end":{"line":25,"column":34}},"loc":{"start":{"line":27,"column":18},"end":{"line":32,"column":1}}}},"branchMap":{},"s":{"0":1,"1":1,"2":2,"3":1},"f":{"0":2},"b":{}}
,"/home/francis/Desktop/Workspace/newnewnew/src/services/user-service.ts": {"path":"/home/francis/Desktop/Workspace/newnewnew/src/services/user-service.ts","statementMap":{"0":{"start":{"line":1,"column":0},"end":{"line":1,"column":20}},"1":{"start":{"line":3,"column":0},"end":{"line":3,"column":52}},"2":{"start":{"line":4,"column":0},"end":{"line":4,"column":42}},"3":{"start":{"line":7,"column":28},"end":{"line":11,"column":2}},"4":{"start":{"line":22,"column":25},"end":{"line":22,"column":68}},"5":{"start":{"line":23,"column":25},"end":{"line":23,"column":39}},"6":{"start":{"line":27,"column":8},"end":{"line":45,"column":9}},"7":{"start":{"line":29,"column":16},"end":{"line":29,"column":50}},"8":{"start":{"line":30,"column":25},"end":{"line":33,"column":null}},"9":{"start":{"line":36,"column":12},"end":{"line":36,"column":42}},"10":{"start":{"line":38,"column":12},"end":{"line":41,"column":14}},"11":{"start":{"line":42,"column":24},"end":{"line":42,"column":58}},"12":{"start":{"line":44,"column":12},"end":{"line":44,"column":22}},"13":{"start":{"line":49,"column":8},"end":{"line":59,"column":9}},"14":{"start":{"line":50,"column":25},"end":{"line":50,"column":75}},"15":{"start":{"line":51,"column":12},"end":{"line":51,"column":42}},"16":{"start":{"line":53,"column":12},"end":{"line":56,"column":14}},"17":{"start":{"line":57,"column":24},"end":{"line":57,"column":58}},"18":{"start":{"line":58,"column":12},"end":{"line":58,"column":22}},"19":{"start":{"line":20,"column":0},"end":{"line":20,"column":13}}},"fnMap":{"0":{"name":"(anonymous_1)","decl":{"start":{"line":21,"column":4},"end":{"line":21,"column":null}},"loc":{"start":{"line":23,"column":39},"end":{"line":24,"column":8}}},"1":{"name":"(anonymous_2)","decl":{"start":{"line":26,"column":11},"end":{"line":26,"column":16}},"loc":{"start":{"line":26,"column":54},"end":{"line":46,"column":5}}},"2":{"name":"(anonymous_3)","decl":{"start":{"line":48,"column":11},"end":{"line":48,"column":16}},"loc":{"start":{"line":48,"column":39},"end":{"line":60,"column":5}}}},"branchMap":{},"s":{"0":1,"1":1,"2":1,"3":1,"4":2,"5":2,"6":0,"7":0,"8":0,"9":0,"10":0,"11":0,"12":0,"13":0,"14":0,"15":0,"16":0,"17":0,"18":0,"19":1},"f":{"0":2,"1":0,"2":0},"b":{}}
,"/home/francis/Desktop/Workspace/newnewnew/src/services/errors/base-error.ts": {"path":"/home/francis/Desktop/Workspace/newnewnew/src/services/errors/base-error.ts","statementMap":{"0":{"start":{"line":1,"column":0},"end":{"line":1,"column":49}},"1":{"start":{"line":26,"column":8},"end":{"line":26,"column":45}},"2":{"start":{"line":24,"column":25},"end":{"line":24,"column":39}},"3":{"start":{"line":30,"column":8},"end":{"line":30,"column":26}},"4":{"start":{"line":20,"column":0},"end":{"line":20,"column":22}}},"fnMap":{"0":{"name":"(anonymous_1)","decl":{"start":{"line":21,"column":4},"end":{"line":21,"column":null}},"loc":{"start":{"line":24,"column":39},"end":{"line":27,"column":5}}},"1":{"name":"(anonymous_2)","decl":{"start":{"line":29,"column":4},"end":{"line":29,"column":15}},"loc":{"start":{"line":29,"column":19},"end":{"line":31,"column":5}}}},"branchMap":{},"s":{"0":1,"1":0,"2":0,"3":0,"4":1},"f":{"0":0,"1":0},"b":{}}
,"/home/francis/Desktop/Workspace/newnewnew/src/services/errors/data-validation-error.ts": {"path":"/home/francis/Desktop/Workspace/newnewnew/src/services/errors/data-validation-error.ts","statementMap":{"0":{"start":{"line":1,"column":0},"end":{"line":1,"column":42}},"1":{"start":{"line":5,"column":8},"end":{"line":5,"column":52}},"2":{"start":{"line":3,"column":0},"end":{"line":3,"column":13}}},"fnMap":{"0":{"name":"(anonymous_0)","decl":{"start":{"line":4,"column":4},"end":{"line":4,"column":16}},"loc":{"start":{"line":4,"column":46},"end":{"line":6,"column":5}}}},"branchMap":{},"s":{"0":1,"1":0,"2":1},"f":{"0":0},"b":{}}
,"/home/francis/Desktop/Workspace/newnewnew/src/services/errors/index.ts": {"path":"/home/francis/Desktop/Workspace/newnewnew/src/services/errors/index.ts","statementMap":{"0":{"start":{"line":1,"column":0},"end":{"line":1,"column":29}},"1":{"start":{"line":2,"column":0},"end":{"line":2,"column":40}},"2":{"start":{"line":3,"column":0},"end":{"line":3,"column":43}},"3":{"start":{"line":4,"column":0},"end":{"line":4,"column":41}},"4":{"start":{"line":5,"column":0},"end":{"line":5,"column":24}}},"fnMap":{},"branchMap":{},"s":{"0":1,"1":1,"2":1,"3":1,"4":1},"f":{},"b":{}}
,"/home/francis/Desktop/Workspace/newnewnew/src/services/errors/resource-not-found-error.ts": {"path":"/home/francis/Desktop/Workspace/newnewnew/src/services/errors/resource-not-found-error.ts","statementMap":{"0":{"start":{"line":1,"column":0},"end":{"line":1,"column":42}},"1":{"start":{"line":5,"column":8},"end":{"line":5,"column":48}},"2":{"start":{"line":3,"column":0},"end":{"line":3,"column":13}}},"fnMap":{"0":{"name":"(anonymous_0)","decl":{"start":{"line":4,"column":4},"end":{"line":4,"column":16}},"loc":{"start":{"line":4,"column":54},"end":{"line":6,"column":5}}}},"branchMap":{"0":{"loc":{"start":{"line":4,"column":16},"end":{"line":4,"column":54}},"type":"default-arg","locations":[{"start":{"line":4,"column":34},"end":{"line":4,"column":54}}]}},"s":{"0":1,"1":0,"2":1},"f":{"0":0},"b":{"0":[0]}}
,"/home/francis/Desktop/Workspace/newnewnew/src/services/errors/uncaught-service-error.ts": {"path":"/home/francis/Desktop/Workspace/newnewnew/src/services/errors/uncaught-service-error.ts","statementMap":{"0":{"start":{"line":1,"column":0},"end":{"line":1,"column":42}},"1":{"start":{"line":5,"column":8},"end":{"line":5,"column":47}},"2":{"start":{"line":3,"column":0},"end":{"line":3,"column":13}}},"fnMap":{"0":{"name":"(anonymous_0)","decl":{"start":{"line":4,"column":4},"end":{"line":4,"column":16}},"loc":{"start":{"line":4,"column":54},"end":{"line":6,"column":5}}}},"branchMap":{"0":{"loc":{"start":{"line":4,"column":16},"end":{"line":4,"column":54}},"type":"default-arg","locations":[{"start":{"line":4,"column":26},"end":{"line":4,"column":54}}]}},"s":{"0":1,"1":0,"2":1},"f":{"0":0},"b":{"0":[0]}}
,"/home/francis/Desktop/Workspace/newnewnew/src/services/errors/utils.ts": {"path":"/home/francis/Desktop/Workspace/newnewnew/src/services/errors/utils.ts","statementMap":{"0":{"start":{"line":1,"column":0},"end":{"line":1,"column":31}},"1":{"start":{"line":2,"column":0},"end":{"line":2,"column":null}},"2":{"start":{"line":8,"column":0},"end":{"line":8,"column":64}},"3":{"start":{"line":9,"column":0},"end":{"line":9,"column":62}},"4":{"start":{"line":10,"column":0},"end":{"line":10,"column":74}},"5":{"start":{"line":31,"column":4},"end":{"line":45,"column":5}},"6":{"start":{"line":32,"column":8},"end":{"line":39,"column":9}},"7":{"start":{"line":33,"column":12},"end":{"line":33,"column":66}},"8":{"start":{"line":34,"column":15},"end":{"line":39,"column":9}},"9":{"start":{"line":35,"column":12},"end":{"line":35,"column":45}},"10":{"start":{"line":38,"column":12},"end":{"line":38,"column":57}},"11":{"start":{"line":41,"column":11},"end":{"line":45,"column":5}},"12":{"start":{"line":42,"column":8},"end":{"line":42,"column":67}},"13":{"start":{"line":44,"column":8},"end":{"line":44,"column":41}},"14":{"start":{"line":47,"column":4},"end":{"line":47,"column":15}},"15":{"start":{"line":28,"column":0},"end":{"line":28,"column":16}}},"fnMap":{"0":{"name":"handleServiceError","decl":{"start":{"line":28,"column":16},"end":{"line":28,"column":34}},"loc":{"start":{"line":28,"column":47},"end":{"line":48,"column":1}}}},"branchMap":{"0":{"loc":{"start":{"line":31,"column":4},"end":{"line":45,"column":5}},"type":"if","locations":[{"start":{"line":31,"column":4},"end":{"line":45,"column":5}},{"start":{"line":41,"column":11},"end":{"line":45,"column":5}}]},"1":{"loc":{"start":{"line":32,"column":8},"end":{"line":39,"column":9}},"type":"if","locations":[{"start":{"line":32,"column":8},"end":{"line":39,"column":9}},{"start":{"line":34,"column":15},"end":{"line":39,"column":9}}]},"2":{"loc":{"start":{"line":34,"column":15},"end":{"line":39,"column":9}},"type":"if","locations":[{"start":{"line":34,"column":15},"end":{"line":39,"column":9}},{"start":{"line":36,"column":15},"end":{"line":39,"column":9}}]},"3":{"loc":{"start":{"line":41,"column":11},"end":{"line":45,"column":5}},"type":"if","locations":[{"start":{"line":41,"column":11},"end":{"line":45,"column":5}},{"start":{"line":43,"column":11},"end":{"line":45,"column":5}}]}},"s":{"0":1,"1":1,"2":1,"3":1,"4":1,"5":0,"6":0,"7":0,"8":0,"9":0,"10":0,"11":0,"12":0,"13":0,"14":0,"15":1},"f":{"0":0},"b":{"0":[0,0],"1":[0,0],"2":[0,0],"3":[0,0]}}
,"/home/francis/Desktop/Workspace/newnewnew/src/services/resource/index.ts": {"path":"/home/francis/Desktop/Workspace/newnewnew/src/services/resource/index.ts","statementMap":{"0":{"start":{"line":5,"column":0},"end":{"line":5,"column":32}}},"fnMap":{},"branchMap":{},"s":{"0":1},"f":{},"b":{}}
,"/home/francis/Desktop/Workspace/newnewnew/src/services/resource/user-resource.ts": {"path":"/home/francis/Desktop/Workspace/newnewnew/src/services/resource/user-resource.ts","statementMap":{"0":{"start":{"line":11,"column":33},"end":{"line":11,"column":43}},"1":{"start":{"line":14,"column":8},"end":{"line":18,"column":10}},"2":{"start":{"line":10,"column":0},"end":{"line":10,"column":13}},"3":{"start":{"line":21,"column":27},"end":{"line":39,"column":6}},"4":{"start":{"line":42,"column":0},"end":{"line":42,"column":28}}},"fnMap":{"0":{"name":"(anonymous_0)","decl":{"start":{"line":11,"column":4},"end":{"line":11,"column":33}},"loc":{"start":{"line":11,"column":43},"end":{"line":11,"column":47}}},"1":{"name":"(anonymous_1)","decl":{"start":{"line":13,"column":11},"end":{"line":13,"column":17}},"loc":{"start":{"line":13,"column":17},"end":{"line":19,"column":5}}}},"branchMap":{},"s":{"0":0,"1":0,"2":1,"3":1,"4":1},"f":{"0":0,"1":0},"b":{}}
,"/home/francis/Desktop/Workspace/newnewnew/src/utils/exception.ts": {"path":"/home/francis/Desktop/Workspace/newnewnew/src/utils/exception.ts","statementMap":{"0":{"start":{"line":23,"column":8},"end":{"line":23,"column":23}},"1":{"start":{"line":24,"column":8},"end":{"line":24,"column":25}},"2":{"start":{"line":25,"column":8},"end":{"line":25,"column":27}},"3":{"start":{"line":20,"column":0},"end":{"line":20,"column":30}}},"fnMap":{"0":{"name":"(anonymous_0)","decl":{"start":{"line":22,"column":4},"end":{"line":22,"column":16}},"loc":{"start":{"line":22,"column":60},"end":{"line":26,"column":5}}}},"branchMap":{},"s":{"0":0,"1":0,"2":0,"3":1},"f":{"0":0},"b":{}}
,"/home/francis/Desktop/Workspace/newnewnew/tests/integration/mocks.ts": {"path":"/home/francis/Desktop/Workspace/newnewnew/tests/integration/mocks.ts","statementMap":{"0":{"start":{"line":2,"column":0},"end":{"line":2,"column":24}},"1":{"start":{"line":5,"column":27},"end":{"line":5,"column":29}},"2":{"start":{"line":7,"column":23},"end":{"line":23,"column":null}},"3":{"start":{"line":11,"column":29},"end":{"line":11,"column":51}},"4":{"start":{"line":12,"column":16},"end":{"line":12,"column":41}},"5":{"start":{"line":13,"column":16},"end":{"line":13,"column":33}},"6":{"start":{"line":14,"column":16},"end":{"line":14,"column":37}},"7":{"start":{"line":15,"column":16},"end":{"line":15,"column":32}},"8":{"start":{"line":18,"column":16},"end":{"line":20,"column":17}},"9":{"start":{"line":19,"column":20},"end":{"line":19,"column":40}},"10":{"start":{"line":21,"column":16},"end":{"line":21,"column":32}},"11":{"start":{"line":26,"column":4},"end":{"line":26,"column":30}},"12":{"start":{"line":4,"column":0},"end":{"line":4,"column":16}}},"fnMap":{"0":{"name":"getMockLogger","decl":{"start":{"line":4,"column":16},"end":{"line":4,"column":29}},"loc":{"start":{"line":4,"column":29},"end":{"line":27,"column":1}}},"1":{"name":"(anonymous_2)","decl":{"start":{"line":10,"column":19},"end":{"line":10,"column":20}},"loc":{"start":{"line":10,"column":35},"end":{"line":22,"column":13}}}},"branchMap":{"0":{"loc":{"start":{"line":18,"column":16},"end":{"line":20,"column":17}},"type":"if","locations":[{"start":{"line":18,"column":16},"end":{"line":20,"column":17}}]},"1":{"loc":{"start":{"line":18,"column":20},"end":{"line":18,"column":55}},"type":"binary-expr","locations":[{"start":{"line":18,"column":20},"end":{"line":18,"column":34}},{"start":{"line":18,"column":38},"end":{"line":18,"column":55}}]}},"s":{"0":1,"1":2,"2":2,"3":0,"4":0,"5":0,"6":0,"7":0,"8":0,"9":0,"10":0,"11":2,"12":1},"f":{"0":2,"1":0},"b":{"0":[0],"1":[0,0]}}
}
