TN:
SF:src/app/rest/index.ts
FNF:0
FNH:0
DA:1,1
LF:1
LH:1
BRF:0
BRH:0
end_of_record
TN:
SF:src/app/rest/initialize.ts
FN:6,initializeRestHandlers
FNF:1
FNH:1
FNDA:2,initializeRestHandlers
DA:1,1
DA:3,1
DA:4,1
DA:6,1
DA:7,2
LF:5
LH:5
BRF:0
BRH:0
end_of_record
TN:
SF:src/app/rest/utils.ts
FN:8,handleErrors
FNF:1
FNH:0
FNDA:0,handleErrors
DA:1,1
DA:6,1
DA:8,1
DA:9,0
DA:10,0
DA:14,0
DA:15,0
DA:16,0
DA:19,0
LF:9
LH:3
BRDA:10,0,0,0
BRDA:10,0,1,0
BRDA:11,1,0,0
BRDA:11,1,1,0
BRDA:15,2,0,0
BRF:5
BRH:0
end_of_record
TN:
SF:src/app/rest/exceptions/http-bad-error.ts
FN:4,(anonymous_0)
FNF:1
FNH:0
FNDA:0,(anonymous_0)
DA:1,1
DA:3,1
DA:5,0
DA:8,1
LF:4
LH:3
BRF:0
BRH:0
end_of_record
TN:
SF:src/app/rest/exceptions/http-not-found-error.ts
FN:4,(anonymous_0)
FNF:1
FNH:0
FNDA:0,(anonymous_0)
DA:1,1
DA:3,1
DA:5,0
DA:8,1
LF:4
LH:3
BRF:0
BRH:0
end_of_record
TN:
SF:src/app/rest/exceptions/http-permission-denied-error.ts
FN:4,(anonymous_0)
FNF:1
FNH:0
FNDA:0,(anonymous_0)
DA:1,1
DA:3,1
DA:5,0
DA:8,1
LF:4
LH:3
BRF:0
BRH:0
end_of_record
TN:
SF:src/app/rest/exceptions/http-server-error.ts
FN:4,(anonymous_0)
FNF:1
FNH:0
FNDA:0,(anonymous_0)
DA:1,1
DA:3,1
DA:5,0
DA:8,1
LF:4
LH:3
BRF:0
BRH:0
end_of_record
TN:
SF:src/app/rest/exceptions/http-unauthorized-error.ts
FN:4,(anonymous_0)
FNF:1
FNH:0
FNDA:0,(anonymous_0)
DA:1,1
DA:3,1
DA:5,0
DA:8,1
LF:4
LH:3
BRF:0
BRH:0
end_of_record
TN:
SF:src/app/rest/exceptions/index.ts
FNF:0
FNH:0
DA:1,1
DA:2,1
DA:3,1
DA:4,1
DA:5,1
LF:5
LH:5
BRF:0
BRH:0
end_of_record
TN:
SF:src/app/rest/user-handlers/create-user.handler.ts
FN:13,createUserHandler
FN:16,(anonymous_1)
FN:29,HandlerRouteOption
FNF:3
FNH:2
FNDA:2,createUserHandler
FNDA:0,(anonymous_1)
FNDA:2,HandlerRouteOption
DA:9,1
DA:10,1
DA:11,1
DA:16,2
DA:17,0
DA:18,0
DA:19,0
DA:20,0
DA:22,0
DA:23,0
DA:24,0
DA:29,1
DA:37,2
LF:13
LH:6
BRF:0
BRH:0
end_of_record
TN:
SF:src/app/rest/user-handlers/find-by-id.handler.ts
FN:20,fetchUserByIdHandler
FN:23,(anonymous_1)
FN:39,HandlerRouteOption
FNF:3
FNH:2
FNDA:2,fetchUserByIdHandler
FNDA:0,(anonymous_1)
FNDA:2,HandlerRouteOption
DA:9,1
DA:10,1
DA:11,1
DA:23,2
DA:24,0
DA:25,0
DA:28,0
DA:29,0
DA:31,0
DA:32,0
DA:33,0
DA:39,1
DA:47,2
LF:13
LH:6
BRF:0
BRH:0
end_of_record
TN:
SF:src/config/index.ts
FNF:0
FNH:0
DA:1,1
DA:6,1
DA:7,1
DA:8,1
DA:11,1
LF:5
LH:5
BRDA:2,0,0,1
BRDA:2,0,1,1
BRDA:3,1,0,1
BRDA:3,1,1,0
BRF:4
BRH:3
end_of_record
TN:
SF:src/data/index.ts
FN:23,(anonymous_1)
FNF:1
FNH:1
FNDA:2,(anonymous_1)
DA:4,1
DA:23,1
DA:27,2
LF:3
LH:3
BRF:0
BRH:0
end_of_record
TN:
SF:src/data/user-data-layer.ts
FN:17,(anonymous_0)
FN:22,(anonymous_1)
FN:47,(anonymous_2)
FNF:3
FNH:1
FNDA:2,(anonymous_0)
FNDA:0,(anonymous_1)
FNDA:0,(anonymous_2)
DA:4,1
DA:5,1
DA:6,1
DA:16,1
DA:18,2
DA:19,2
DA:23,0
DA:24,0
DA:27,0
DA:28,0
DA:33,0
DA:35,0
DA:39,0
DA:40,0
DA:41,0
DA:43,0
DA:52,0
DA:53,0
DA:56,0
DA:58,0
DA:59,0
DA:60,0
DA:61,0
DA:63,0
LF:24
LH:6
BRDA:27,0,0,0
BRDA:39,1,0,0
BRDA:59,2,0,0
BRF:3
BRH:0
end_of_record
TN:
SF:src/data/errors/database-base-error.ts
FN:19,(anonymous_1)
FNF:1
FNH:0
FNDA:0,(anonymous_1)
DA:1,1
DA:18,1
DA:20,0
DA:24,1
LF:4
LH:3
BRF:0
BRH:0
end_of_record
TN:
SF:src/data/errors/index.ts
FNF:0
FNH:0
DA:1,1
DA:2,1
DA:3,1
DA:4,1
DA:5,1
DA:6,1
LF:6
LH:6
BRF:0
BRH:0
end_of_record
TN:
SF:src/data/errors/internal-db-error.ts
FN:12,(anonymous_1)
FNF:1
FNH:0
FNDA:0,(anonymous_1)
DA:1,1
DA:11,1
DA:13,0
LF:3
LH:2
BRDA:12,0,0,0
BRF:1
BRH:0
end_of_record
TN:
SF:src/data/errors/invalid-input-error.ts
FN:12,(anonymous_1)
FNF:1
FNH:0
FNDA:0,(anonymous_1)
DA:1,1
DA:11,1
DA:13,0
LF:3
LH:2
BRDA:12,0,0,0
BRF:1
BRH:0
end_of_record
TN:
SF:src/data/errors/must-be-unique-error.ts
FN:12,(anonymous_1)
FNF:1
FNH:0
FNDA:0,(anonymous_1)
DA:1,1
DA:11,1
DA:13,0
LF:3
LH:2
BRDA:12,0,0,0
BRF:1
BRH:0
end_of_record
TN:
SF:src/data/errors/record-not-found.ts
FN:12,(anonymous_1)
FNF:1
FNH:0
FNDA:0,(anonymous_1)
DA:1,1
DA:11,1
DA:13,0
LF:3
LH:2
BRDA:12,0,0,0
BRF:1
BRH:0
end_of_record
TN:
SF:src/data/errors/utils.ts
FN:8,getFieldFromMeta
FN:27,handlePrismaClientKnownRequestError
FNF:2
FNH:0
FNDA:0,getFieldFromMeta
FNDA:0,handlePrismaClientKnownRequestError
DA:3,1
DA:4,1
DA:5,1
DA:6,1
DA:9,0
DA:10,0
DA:11,0
DA:13,0
DA:27,1
DA:31,0
DA:32,0
DA:33,0
DA:34,0
DA:35,0
DA:36,0
DA:42,0
DA:43,0
DA:44,0
DA:45,0
DA:46,0
DA:48,0
DA:53,0
LF:22
LH:5
BRDA:10,0,0,0
BRDA:10,1,0,0
BRDA:10,1,1,0
BRDA:31,2,0,0
BRDA:31,2,1,0
BRDA:31,3,0,0
BRDA:31,3,1,0
BRDA:33,4,0,0
BRDA:33,4,1,0
BRDA:36,5,0,0
BRDA:36,5,1,0
BRDA:37,6,0,0
BRDA:37,6,1,0
BRDA:37,6,2,0
BRDA:37,6,3,0
BRDA:44,7,0,0
BRDA:44,7,1,0
BRF:17
BRH:0
end_of_record
TN:
SF:src/internal/database.ts
FN:12,(anonymous_0)
FN:18,(anonymous_1)
FN:22,(anonymous_2)
FN:26,(anonymous_3)
FNF:4
FNH:3
FNDA:2,(anonymous_0)
FNDA:2,(anonymous_1)
FNDA:0,(anonymous_2)
FNDA:2,(anonymous_3)
DA:1,1
DA:13,2
DA:19,2
DA:23,0
DA:27,2
DA:31,1
LF:6
LH:5
BRF:0
BRH:0
end_of_record
TN:
SF:src/internal/server.ts
FN:22,(anonymous_1)
FN:46,(anonymous_2)
FN:63,(anonymous_3)
FN:119,(anonymous_4)
FN:133,(anonymous_5)
FN:137,(anonymous_6)
FN:138,(anonymous_7)
FN:154,(anonymous_8)
FNF:8
FNH:2
FNDA:0,(anonymous_1)
FNDA:2,(anonymous_2)
FNDA:0,(anonymous_3)
FNDA:0,(anonymous_4)
FNDA:0,(anonymous_5)
FNDA:0,(anonymous_6)
FNDA:0,(anonymous_7)
FNDA:2,(anonymous_8)
DA:1,1
DA:8,1
DA:9,1
DA:10,1
DA:11,1
DA:12,1
DA:14,1
DA:16,1
DA:23,0
DA:24,0
DA:25,0
DA:26,0
DA:27,0
DA:47,2
DA:63,2
DA:64,0
DA:66,0
DA:67,0
DA:72,0
DA:78,2
DA:89,2
DA:91,2
DA:112,2
DA:117,2
DA:118,4
DA:120,0
DA:121,0
DA:134,0
DA:135,0
DA:137,0
DA:138,0
DA:139,0
DA:140,0
DA:141,0
DA:143,0
DA:147,0
DA:155,2
DA:159,1
LF:38
LH:18
BRDA:49,0,0,0
BRDA:49,0,1,2
BRDA:66,1,0,0
BRDA:66,1,1,0
BRDA:139,2,0,0
BRF:5
BRH:1
end_of_record
TN:
SF:src/services/index.ts
FNF:0
FNH:0
DA:1,1
DA:2,1
LF:2
LH:2
BRF:0
BRH:0
end_of_record
TN:
SF:src/services/initializer.ts
FN:25,initializeServices
FNF:1
FNH:1
FNDA:2,initializeServices
DA:2,1
DA:3,1
DA:25,1
DA:29,2
LF:4
LH:4
BRF:0
BRH:0
end_of_record
TN:
SF:src/services/user-service.ts
FN:21,(anonymous_1)
FN:26,(anonymous_2)
FN:48,(anonymous_3)
FNF:3
FNH:1
FNDA:2,(anonymous_1)
FNDA:0,(anonymous_2)
FNDA:0,(anonymous_3)
DA:1,1
DA:3,1
DA:4,1
DA:7,1
DA:20,1
DA:22,2
DA:23,2
DA:27,0
DA:29,0
DA:30,0
DA:36,0
DA:38,0
DA:42,0
DA:44,0
DA:49,0
DA:50,0
DA:51,0
DA:53,0
DA:57,0
DA:58,0
LF:20
LH:7
BRF:0
BRH:0
end_of_record
TN:
SF:src/services/errors/base-error.ts
FN:21,(anonymous_1)
FN:29,(anonymous_2)
FNF:2
FNH:0
FNDA:0,(anonymous_1)
FNDA:0,(anonymous_2)
DA:1,1
DA:20,1
DA:24,0
DA:26,0
DA:30,0
LF:5
LH:2
BRF:0
BRH:0
end_of_record
TN:
SF:src/services/errors/data-validation-error.ts
FN:4,(anonymous_0)
FNF:1
FNH:0
FNDA:0,(anonymous_0)
DA:1,1
DA:3,1
DA:5,0
LF:3
LH:2
BRF:0
BRH:0
end_of_record
TN:
SF:src/services/errors/index.ts
FNF:0
FNH:0
DA:1,1
DA:2,1
DA:3,1
DA:4,1
DA:5,1
LF:5
LH:5
BRF:0
BRH:0
end_of_record
TN:
SF:src/services/errors/resource-not-found-error.ts
FN:4,(anonymous_0)
FNF:1
FNH:0
FNDA:0,(anonymous_0)
DA:1,1
DA:3,1
DA:5,0
LF:3
LH:2
BRDA:4,0,0,0
BRF:1
BRH:0
end_of_record
TN:
SF:src/services/errors/uncaught-service-error.ts
FN:4,(anonymous_0)
FNF:1
FNH:0
FNDA:0,(anonymous_0)
DA:1,1
DA:3,1
DA:5,0
LF:3
LH:2
BRDA:4,0,0,0
BRF:1
BRH:0
end_of_record
TN:
SF:src/services/errors/utils.ts
FN:28,handleServiceError
FNF:1
FNH:0
FNDA:0,handleServiceError
DA:1,1
DA:2,1
DA:8,1
DA:9,1
DA:10,1
DA:28,1
DA:31,0
DA:32,0
DA:33,0
DA:34,0
DA:35,0
DA:38,0
DA:41,0
DA:42,0
DA:44,0
DA:47,0
LF:16
LH:6
BRDA:31,0,0,0
BRDA:31,0,1,0
BRDA:32,1,0,0
BRDA:32,1,1,0
BRDA:34,2,0,0
BRDA:34,2,1,0
BRDA:41,3,0,0
BRDA:41,3,1,0
BRF:8
BRH:0
end_of_record
TN:
SF:src/services/resource/index.ts
FNF:0
FNH:0
DA:5,1
LF:1
LH:1
BRF:0
BRH:0
end_of_record
TN:
SF:src/services/resource/user-resource.ts
FN:11,(anonymous_0)
FN:13,(anonymous_1)
FNF:2
FNH:0
FNDA:0,(anonymous_0)
FNDA:0,(anonymous_1)
DA:10,1
DA:11,0
DA:14,0
DA:21,1
DA:42,1
LF:5
LH:3
BRF:0
BRH:0
end_of_record
TN:
SF:src/utils/exception.ts
FN:22,(anonymous_0)
FNF:1
FNH:0
FNDA:0,(anonymous_0)
DA:20,1
DA:23,0
DA:24,0
DA:25,0
LF:4
LH:1
BRF:0
BRH:0
end_of_record
TN:
SF:tests/integration/mocks.ts
FN:4,getMockLogger
FN:10,(anonymous_2)
FNF:2
FNH:1
FNDA:2,getMockLogger
FNDA:0,(anonymous_2)
DA:2,1
DA:4,1
DA:5,2
DA:7,2
DA:11,0
DA:12,0
DA:13,0
DA:14,0
DA:15,0
DA:18,0
DA:19,0
DA:21,0
DA:26,2
LF:13
LH:5
BRDA:18,0,0,0
BRDA:18,1,0,0
BRDA:18,1,1,0
BRF:3
BRH:0
end_of_record
