TN:
SF:src/app/rest/utils.ts
FN:8,handleErrors
FNF:1
FNH:1
FNDA:4,handleErrors
DA:1,2
DA:6,2
DA:8,2
DA:9,4
DA:10,4
DA:14,1
DA:15,3
DA:16,1
DA:19,4
LF:9
LH:9
BRDA:10,0,0,1
BRDA:10,0,1,3
BRDA:11,1,0,4
BRDA:11,1,1,2
BRDA:15,2,0,1
BRF:5
BRH:5
end_of_record
TN:
SF:src/app/rest/exceptions/http-bad-error.ts
FN:4,(anonymous_0)
FNF:1
FNH:1
FNDA:1,(anonymous_0)
DA:1,2
DA:3,2
DA:5,1
DA:8,2
LF:4
LH:4
BRF:0
BRH:0
end_of_record
TN:
SF:src/app/rest/exceptions/http-not-found-error.ts
FN:4,(anonymous_0)
FNF:1
FNH:1
FNDA:1,(anonymous_0)
DA:1,2
DA:3,2
DA:5,1
DA:8,2
LF:4
LH:4
BRF:0
BRH:0
end_of_record
TN:
SF:src/app/rest/exceptions/http-permission-denied-error.ts
FN:4,(anonymous_0)
FNF:1
FNH:0
FNDA:0,(anonymous_0)
DA:1,2
DA:3,2
DA:5,0
DA:8,2
LF:4
LH:3
BRF:0
BRH:0
end_of_record
TN:
SF:src/app/rest/exceptions/http-server-error.ts
FN:4,(anonymous_0)
FNF:1
FNH:1
FNDA:4,(anonymous_0)
DA:1,2
DA:3,2
DA:5,4
DA:8,2
LF:4
LH:4
BRF:0
BRH:0
end_of_record
TN:
SF:src/app/rest/exceptions/http-unauthorized-error.ts
FN:4,(anonymous_0)
FNF:1
FNH:0
FNDA:0,(anonymous_0)
DA:1,2
DA:3,2
DA:5,0
DA:8,2
LF:4
LH:3
BRF:0
BRH:0
end_of_record
TN:
SF:src/app/rest/exceptions/index.ts
FNF:0
FNH:0
DA:1,2
DA:2,2
DA:3,2
DA:4,2
DA:5,2
LF:5
LH:5
BRF:0
BRH:0
end_of_record
TN:
SF:src/app/rest/user-handlers/create-user.handler.ts
FN:13,createUserHandler
FN:16,(anonymous_1)
FN:29,HandlerRouteOption
FNF:3
FNH:3
FNDA:3,createUserHandler
FNDA:3,(anonymous_1)
FNDA:3,HandlerRouteOption
DA:9,1
DA:10,1
DA:11,1
DA:16,3
DA:17,3
DA:18,3
DA:19,1
DA:20,1
DA:22,2
DA:23,2
DA:24,2
DA:29,1
DA:37,3
LF:13
LH:13
BRF:0
BRH:0
end_of_record
TN:
SF:src/app/rest/user-handlers/find-by-id.handler.ts
FN:20,fetchUserByIdHandler
FN:23,(anonymous_1)
FN:39,HandlerRouteOption
FNF:3
FNH:3
FNDA:3,fetchUserByIdHandler
FNDA:3,(anonymous_1)
FNDA:3,HandlerRouteOption
DA:9,1
DA:10,1
DA:11,1
DA:23,3
DA:24,3
DA:25,3
DA:28,1
DA:29,1
DA:31,2
DA:32,2
DA:33,2
DA:39,1
DA:47,3
LF:13
LH:13
BRF:0
BRH:0
end_of_record
TN:
SF:src/config/index.ts
FNF:0
FNH:0
DA:1,3
DA:6,3
DA:7,3
DA:8,3
DA:11,3
LF:5
LH:5
BRDA:2,0,0,3
BRDA:2,0,1,3
BRDA:3,1,0,3
BRDA:3,1,1,3
BRF:4
BRH:4
end_of_record
TN:
SF:src/data/user-data-layer.ts
FN:17,(anonymous_0)
FN:22,(anonymous_1)
FN:47,(anonymous_2)
FNF:3
FNH:3
FNDA:4,(anonymous_0)
FNDA:2,(anonymous_1)
FNDA:2,(anonymous_2)
DA:4,1
DA:5,1
DA:6,1
DA:16,1
DA:18,4
DA:19,4
DA:23,2
DA:24,2
DA:27,1
DA:28,0
DA:33,1
DA:35,1
DA:39,1
DA:40,1
DA:41,1
DA:43,0
DA:52,2
DA:53,2
DA:56,1
DA:58,1
DA:59,1
DA:60,1
DA:61,1
DA:63,0
LF:24
LH:21
BRDA:27,0,0,0
BRDA:39,1,0,1
BRDA:59,2,0,1
BRF:3
BRH:2
end_of_record
TN:
SF:src/data/errors/database-base-error.ts
FN:19,(anonymous_1)
FNF:1
FNH:1
FNDA:23,(anonymous_1)
DA:1,6
DA:18,6
DA:20,23
DA:24,6
LF:4
LH:4
BRF:0
BRH:0
end_of_record
TN:
SF:src/data/errors/index.ts
FNF:0
FNH:0
DA:1,5
DA:2,5
DA:3,5
DA:4,5
DA:5,5
DA:6,5
LF:6
LH:6
BRF:0
BRH:0
end_of_record
TN:
SF:src/data/errors/internal-db-error.ts
FN:12,(anonymous_1)
FNF:1
FNH:1
FNDA:3,(anonymous_1)
DA:1,6
DA:11,6
DA:13,3
LF:3
LH:3
BRDA:12,0,0,0
BRF:1
BRH:0
end_of_record
TN:
SF:src/data/errors/invalid-input-error.ts
FN:12,(anonymous_1)
FNF:1
FNH:1
FNDA:11,(anonymous_1)
DA:1,6
DA:11,6
DA:13,11
LF:3
LH:3
BRDA:12,0,0,0
BRF:1
BRH:0
end_of_record
TN:
SF:src/data/errors/must-be-unique-error.ts
FN:12,(anonymous_1)
FNF:1
FNH:1
FNDA:4,(anonymous_1)
DA:1,6
DA:11,6
DA:13,4
LF:3
LH:3
BRDA:12,0,0,0
BRF:1
BRH:0
end_of_record
TN:
SF:src/data/errors/record-not-found.ts
FN:12,(anonymous_1)
FNF:1
FNH:1
FNDA:5,(anonymous_1)
DA:1,6
DA:11,6
DA:13,5
LF:3
LH:3
BRDA:12,0,0,0
BRF:1
BRH:0
end_of_record
TN:
SF:src/data/errors/utils.ts
FN:8,getFieldFromMeta
FN:27,handlePrismaClientKnownRequestError
FNF:2
FNH:2
FNDA:7,getFieldFromMeta
FNDA:11,handlePrismaClientKnownRequestError
DA:3,6
DA:4,6
DA:5,6
DA:6,6
DA:9,7
DA:10,7
DA:11,7
DA:13,7
DA:27,6
DA:31,11
DA:32,3
DA:33,8
DA:34,2
DA:35,2
DA:36,6
DA:42,4
DA:43,4
DA:44,2
DA:45,1
DA:46,1
DA:48,1
DA:53,11
LF:22
LH:22
BRDA:10,0,0,7
BRDA:10,1,0,7
BRDA:10,1,1,7
BRDA:31,2,0,3
BRDA:31,2,1,8
BRDA:31,3,0,11
BRDA:31,3,1,9
BRDA:33,4,0,2
BRDA:33,4,1,6
BRDA:36,5,0,4
BRDA:36,5,1,2
BRDA:37,6,0,6
BRDA:37,6,1,5
BRDA:37,6,2,4
BRDA:37,6,3,3
BRDA:44,7,0,1
BRDA:44,7,1,1
BRF:17
BRH:17
end_of_record
TN:
SF:src/internal/database.ts
FN:12,(anonymous_0)
FN:18,(anonymous_1)
FN:22,(anonymous_2)
FN:26,(anonymous_3)
FNF:4
FNH:3
FNDA:1,(anonymous_0)
FNDA:1,(anonymous_1)
FNDA:1,(anonymous_2)
FNDA:0,(anonymous_3)
DA:1,1
DA:13,1
DA:19,1
DA:23,1
DA:27,0
DA:31,1
LF:6
LH:5
BRF:0
BRH:0
end_of_record
TN:
SF:src/internal/server.ts
FN:22,(anonymous_1)
FN:46,(anonymous_2)
FN:63,(anonymous_3)
FN:119,(anonymous_4)
FN:133,(anonymous_5)
FN:137,(anonymous_6)
FN:138,(anonymous_7)
FN:154,(anonymous_8)
FNF:8
FNH:5
FNDA:6,(anonymous_1)
FNDA:7,(anonymous_2)
FNDA:4,(anonymous_3)
FNDA:7,(anonymous_4)
FNDA:0,(anonymous_5)
FNDA:0,(anonymous_6)
FNDA:0,(anonymous_7)
FNDA:14,(anonymous_8)
DA:1,3
DA:8,3
DA:9,3
DA:10,3
DA:11,3
DA:12,3
DA:14,3
DA:16,3
DA:23,6
DA:24,6
DA:25,6
DA:26,6
DA:27,6
DA:47,7
DA:63,7
DA:64,4
DA:66,4
DA:67,4
DA:72,0
DA:78,7
DA:89,7
DA:91,7
DA:112,7
DA:117,7
DA:118,7
DA:120,7
DA:121,7
DA:134,0
DA:135,0
DA:137,0
DA:138,0
DA:139,0
DA:140,0
DA:141,0
DA:143,0
DA:147,0
DA:155,14
DA:159,3
LF:38
LH:28
BRDA:49,0,0,7
BRDA:49,0,1,0
BRDA:66,1,0,4
BRDA:66,1,1,0
BRDA:139,2,0,0
BRF:5
BRH:2
end_of_record
TN:
SF:src/services/initializer.ts
FN:25,initializeServices
FNF:1
FNH:1
FNDA:5,initializeServices
DA:2,1
DA:3,1
DA:25,1
DA:29,5
LF:4
LH:4
BRF:0
BRH:0
end_of_record
TN:
SF:src/services/user-service.ts
FN:21,(anonymous_1)
FN:26,(anonymous_2)
FN:48,(anonymous_3)
FNF:3
FNH:3
FNDA:5,(anonymous_1)
FNDA:5,(anonymous_2)
FNDA:2,(anonymous_3)
DA:1,1
DA:3,1
DA:4,1
DA:7,1
DA:20,1
DA:22,5
DA:23,5
DA:27,5
DA:29,5
DA:30,3
DA:36,1
DA:38,4
DA:42,4
DA:44,4
DA:49,2
DA:50,2
DA:51,1
DA:53,1
DA:57,1
DA:58,1
LF:20
LH:20
BRF:0
BRH:0
end_of_record
TN:
SF:src/services/errors/base-error.ts
FN:21,(anonymous_1)
FN:29,(anonymous_2)
FNF:2
FNH:1
FNDA:12,(anonymous_1)
FNDA:0,(anonymous_2)
DA:1,4
DA:20,4
DA:24,12
DA:26,12
DA:30,0
LF:5
LH:4
BRF:0
BRH:0
end_of_record
TN:
SF:src/services/errors/data-validation-error.ts
FN:4,(anonymous_0)
FNF:1
FNH:1
FNDA:7,(anonymous_0)
DA:1,4
DA:3,4
DA:5,7
LF:3
LH:3
BRF:0
BRH:0
end_of_record
TN:
SF:src/services/errors/index.ts
FNF:0
FNH:0
DA:1,4
DA:2,4
DA:3,4
DA:4,4
DA:5,4
LF:5
LH:5
BRF:0
BRH:0
end_of_record
TN:
SF:src/services/errors/resource-not-found-error.ts
FN:4,(anonymous_0)
FNF:1
FNH:1
FNDA:3,(anonymous_0)
DA:1,4
DA:3,4
DA:5,3
LF:3
LH:3
BRDA:4,0,0,0
BRF:1
BRH:0
end_of_record
TN:
SF:src/services/errors/uncaught-service-error.ts
FN:4,(anonymous_0)
FNF:1
FNH:1
FNDA:2,(anonymous_0)
DA:1,4
DA:3,4
DA:5,2
LF:3
LH:3
BRDA:4,0,0,2
BRF:1
BRH:1
end_of_record
TN:
SF:src/services/errors/utils.ts
FN:28,handleServiceError
FNF:1
FNH:1
FNDA:10,handleServiceError
DA:1,4
DA:2,4
DA:8,4
DA:9,4
DA:10,4
DA:28,4
DA:31,10
DA:32,6
DA:33,2
DA:34,4
DA:35,1
DA:38,3
DA:41,4
DA:42,3
DA:44,1
DA:47,10
LF:16
LH:16
BRDA:31,0,0,6
BRDA:31,0,1,4
BRDA:32,1,0,2
BRDA:32,1,1,4
BRDA:34,2,0,1
BRDA:34,2,1,3
BRDA:41,3,0,3
BRDA:41,3,1,1
BRF:8
BRH:8
end_of_record
TN:
SF:src/services/resource/index.ts
FNF:0
FNH:0
DA:5,3
LF:1
LH:1
BRF:0
BRH:0
end_of_record
TN:
SF:src/services/resource/user-resource.ts
FN:11,(anonymous_0)
FN:13,(anonymous_1)
FNF:2
FNH:2
FNDA:3,(anonymous_0)
FNDA:3,(anonymous_1)
DA:10,4
DA:11,3
DA:14,3
DA:21,4
DA:42,4
LF:5
LH:5
BRF:0
BRH:0
end_of_record
TN:
SF:src/utils/exception.ts
FN:22,(anonymous_0)
FNF:1
FNH:1
FNDA:41,(anonymous_0)
DA:20,7
DA:23,41
DA:24,41
DA:25,41
LF:4
LH:4
BRF:0
BRH:0
end_of_record
